<?xml version="1.0" encoding="UTF-8"?>
<!-- Generated by org.testng.reporters.JUnitReportReporter -->
<testsuite hostname="LAPTOP-PPONCV1J" name="com.orange.FirstTest" tests="1" failures="0" timestamp="14 Jun 2020 13:42:44 GMT" time="0.009" errors="0">
  <testcase name="f2" time="0.009" classname="com.orange.FirstTest"/>
</testsuite> <!-- com.orange.FirstTest -->
